27-Apr-2021 19:56:17.565 INFO [main] org.apache.catalina.startup.VersionLoggerListener.log Server version name:   Apache Tomcat/10.0.5
27-Apr-2021 19:56:17.569 INFO [main] org.apache.catalina.startup.VersionLoggerListener.log Server built:          Mar 30 2021 08:19:50 UTC
27-Apr-2021 19:56:17.569 INFO [main] org.apache.catalina.startup.VersionLoggerListener.log Server version number: 10.0.5.0
27-Apr-2021 19:56:17.569 INFO [main] org.apache.catalina.startup.VersionLoggerListener.log OS Name:               Windows 10
27-Apr-2021 19:56:17.570 INFO [main] org.apache.catalina.startup.VersionLoggerListener.log OS Version:            10.0
27-Apr-2021 19:56:17.570 INFO [main] org.apache.catalina.startup.VersionLoggerListener.log Architecture:          amd64
27-Apr-2021 19:56:17.570 INFO [main] org.apache.catalina.startup.VersionLoggerListener.log Java Home:             C:\Program Files\AdoptOpenJDK\jdk-11.0.10.9-hotspot
27-Apr-2021 19:56:17.570 INFO [main] org.apache.catalina.startup.VersionLoggerListener.log JVM Version:           11.0.10+9
27-Apr-2021 19:56:17.570 INFO [main] org.apache.catalina.startup.VersionLoggerListener.log JVM Vendor:            AdoptOpenJDK
27-Apr-2021 19:56:17.571 INFO [main] org.apache.catalina.startup.VersionLoggerListener.log CATALINA_BASE:         D:\HKUST\Spring Sem 20-21\COMP 4321\Project 4321\apache-tomcat-10.0.5
27-Apr-2021 19:56:17.571 INFO [main] org.apache.catalina.startup.VersionLoggerListener.log CATALINA_HOME:         D:\HKUST\Spring Sem 20-21\COMP 4321\Project 4321\apache-tomcat-10.0.5
27-Apr-2021 19:56:17.617 INFO [main] org.apache.catalina.startup.VersionLoggerListener.log Command line argument: --add-opens=java.base/java.lang=ALL-UNNAMED
27-Apr-2021 19:56:17.617 INFO [main] org.apache.catalina.startup.VersionLoggerListener.log Command line argument: --add-opens=java.base/java.io=ALL-UNNAMED
27-Apr-2021 19:56:17.617 INFO [main] org.apache.catalina.startup.VersionLoggerListener.log Command line argument: --add-opens=java.base/java.util=ALL-UNNAMED
27-Apr-2021 19:56:17.617 INFO [main] org.apache.catalina.startup.VersionLoggerListener.log Command line argument: --add-opens=java.base/java.util.concurrent=ALL-UNNAMED
27-Apr-2021 19:56:17.617 INFO [main] org.apache.catalina.startup.VersionLoggerListener.log Command line argument: --add-opens=java.rmi/sun.rmi.transport=ALL-UNNAMED
27-Apr-2021 19:56:17.617 INFO [main] org.apache.catalina.startup.VersionLoggerListener.log Command line argument: -Djava.util.logging.config.file=D:/HKUST/Spring Sem 20-21/COMP 4321/Project 4321/apache-tomcat-10.0.5/conf/logging.properties
27-Apr-2021 19:56:17.617 INFO [main] org.apache.catalina.startup.VersionLoggerListener.log Command line argument: -Djava.util.logging.manager=org.apache.juli.ClassLoaderLogManager
27-Apr-2021 19:56:17.617 INFO [main] org.apache.catalina.startup.VersionLoggerListener.log Command line argument: -Djdk.tls.ephemeralDHKeySize=2048
27-Apr-2021 19:56:17.618 INFO [main] org.apache.catalina.startup.VersionLoggerListener.log Command line argument: -Djava.protocol.handler.pkgs=org.apache.catalina.webresources
27-Apr-2021 19:56:17.618 INFO [main] org.apache.catalina.startup.VersionLoggerListener.log Command line argument: -Dorg.apache.catalina.security.SecurityListener.UMASK=0027
27-Apr-2021 19:56:17.618 INFO [main] org.apache.catalina.startup.VersionLoggerListener.log Command line argument: -Dignore.endorsed.dirs=
27-Apr-2021 19:56:17.618 INFO [main] org.apache.catalina.startup.VersionLoggerListener.log Command line argument: -Dcatalina.base=D:/HKUST/Spring Sem 20-21/COMP 4321/Project 4321/apache-tomcat-10.0.5
27-Apr-2021 19:56:17.618 INFO [main] org.apache.catalina.startup.VersionLoggerListener.log Command line argument: -Dcatalina.home=D:/HKUST/Spring Sem 20-21/COMP 4321/Project 4321/apache-tomcat-10.0.5
27-Apr-2021 19:56:17.634 INFO [main] org.apache.catalina.startup.VersionLoggerListener.log Command line argument: -Djava.io.tmpdir=D:/HKUST/Spring Sem 20-21/COMP 4321/Project 4321/apache-tomcat-10.0.5/temp
27-Apr-2021 19:56:17.648 INFO [main] org.apache.catalina.core.AprLifecycleListener.lifecycleEvent The Apache Tomcat Native library which allows using OpenSSL was not found on the java.library.path: [C:\Program Files\AdoptOpenJDK\jdk-11.0.10.9-hotspot\bin;C:\WINDOWS\Sun\Java\bin;C:\WINDOWS\system32;C:\WINDOWS;C:\Users\Dell\bin;C:\Program Files\Git\mingw64\bin;C:\Program Files\Git\usr\local\bin;C:\Program Files\Git\usr\bin;C:\Program Files\Git\usr\bin;C:\Program Files\Git\mingw64\bin;C:\Program Files\Git\usr\bin;C:\Users\Dell\bin;C:\Program Files\AdoptOpenJDK\jdk-11.0.10.9-hotspot\bin;C:\Program Files\Python39\Scripts;C:\Program Files\Python39;C:\Program Files (x86)\Common Files\Intel\Shared Libraries\redist\intel64\compiler;D:\app\client\Dell\product\18.0.0\client_1;D:\app\client\Dell\product\18.0.0\client_1\bin;C:\Program Files (x86)\Intel\iCLS Client;C:\Program Files\Intel\iCLS Client;C:\Windows\system32;C:\Windows;C:\Windows\System32\Wbem;C:\Windows\System32\WindowsPowerShell\v1.0;C:\Program Files (x86)\Intel\Intel(R) Management Engine Components\DAL;C:\Program Files\Intel\Intel(R) Management Engine Components\DAL;C:\Program Files (x86)\Intel\Intel(R) Management Engine Components\IPT;C:\Program Files\Intel\Intel(R) Management Engine Components\IPT;C:\WINDOWS\system32;C:\WINDOWS;C:\WINDOWS\System32\Wbem;C:\WINDOWS\System32\WindowsPowerShell\v1.0;C:\WINDOWS\System32\OpenSSH;C:\Program Files (x86)\Visual Leak Detector\bin\Win32;C:\Program Files (x86)\Visual Leak Detector\bin\Win64;C:\Program Files\Microsoft SQL Server\130\Tools\Binn;C:\Program Files\Git\cmd;C:\Users\Dell\AppData\Roaming\nvm;C:\Program Files\nodejs;C:\Program Files\PuTTY;C:\Program Files (x86)\NVIDIA Corporation\PhysX\Common;C:\Program Files\NVIDIA Corporation\NVIDIA NvDLISR;C:\MinGW\bin;C:\xampp\php;C:\Program Files (x86)\Pulse Secure\VC142.CRT\X64;C:\Program Files (x86)\Pulse Secure\VC142.CRT\X86;D:\anaconda3\bin;C:\Users\Dell\AppData\Local\Microsoft\WindowsApps;C:\MinGW\bin;C:\Program Files\JetBrains\CLion 2019.2.5\bin;C:\Program Files\JetBrains\WebStorm 2019.2.4\bin;C:\Users\Dell\AppData\Local\Programs\Microsoft VS Code\bin;C:\Users\Dell\AppData\Roaming\npm;C:\Users\Dell\AppData\Roaming\nvm;C:\Program Files\nodejs;C:\Program Files\Git\usr\bin\vendor_perl;C:\Program Files\Git\usr\bin\core_perl;.]
27-Apr-2021 19:56:18.074 INFO [main] org.apache.coyote.AbstractProtocol.init Initializing ProtocolHandler ["http-nio-8080"]
27-Apr-2021 19:56:18.110 INFO [main] org.apache.catalina.startup.Catalina.load Server initialization in [855] milliseconds
27-Apr-2021 19:56:18.177 INFO [main] org.apache.catalina.core.StandardService.startInternal Starting service [Catalina]
27-Apr-2021 19:56:18.178 INFO [main] org.apache.catalina.core.StandardEngine.startInternal Starting Servlet engine: [Apache Tomcat/10.0.5]
27-Apr-2021 19:56:18.240 INFO [main] org.apache.catalina.startup.HostConfig.deployWAR Deploying web application archive [D:\HKUST\Spring Sem 20-21\COMP 4321\Project 4321\apache-tomcat-10.0.5\webapps\4321 project.war]
27-Apr-2021 19:56:20.114 INFO [main] org.apache.jasper.servlet.TldScanner.scanJars At least one JAR was scanned for TLDs yet contained no TLDs. Enable debug logging for this logger for a complete list of JARs that were scanned but no TLDs were found in them. Skipping unneeded JARs during scanning can improve startup time and JSP compilation time.
27-Apr-2021 19:56:20.524 WARNING [main] org.apache.catalina.util.SessionIdGeneratorBase.createSecureRandom Creation of SecureRandom instance for session ID generation using [SHA1PRNG] took [347] milliseconds.
27-Apr-2021 19:56:20.584 INFO [main] org.apache.catalina.startup.HostConfig.deployWAR Deployment of web application archive [D:\HKUST\Spring Sem 20-21\COMP 4321\Project 4321\apache-tomcat-10.0.5\webapps\4321 project.war] has finished in [2,344] ms
27-Apr-2021 19:56:20.585 INFO [main] org.apache.catalina.startup.HostConfig.deployDirectory Deploying web application directory [D:\HKUST\Spring Sem 20-21\COMP 4321\Project 4321\apache-tomcat-10.0.5\webapps\docs]
27-Apr-2021 19:56:20.638 INFO [main] org.apache.catalina.startup.HostConfig.deployDirectory Deployment of web application directory [D:\HKUST\Spring Sem 20-21\COMP 4321\Project 4321\apache-tomcat-10.0.5\webapps\docs] has finished in [54] ms
27-Apr-2021 19:56:20.638 INFO [main] org.apache.catalina.startup.HostConfig.deployDirectory Deploying web application directory [D:\HKUST\Spring Sem 20-21\COMP 4321\Project 4321\apache-tomcat-10.0.5\webapps\examples]
27-Apr-2021 19:56:21.278 INFO [main] org.apache.catalina.startup.HostConfig.deployDirectory Deployment of web application directory [D:\HKUST\Spring Sem 20-21\COMP 4321\Project 4321\apache-tomcat-10.0.5\webapps\examples] has finished in [640] ms
27-Apr-2021 19:56:21.278 INFO [main] org.apache.catalina.startup.HostConfig.deployDirectory Deploying web application directory [D:\HKUST\Spring Sem 20-21\COMP 4321\Project 4321\apache-tomcat-10.0.5\webapps\host-manager]
27-Apr-2021 19:56:21.439 INFO [main] org.apache.catalina.startup.HostConfig.deployDirectory Deployment of web application directory [D:\HKUST\Spring Sem 20-21\COMP 4321\Project 4321\apache-tomcat-10.0.5\webapps\host-manager] has finished in [161] ms
27-Apr-2021 19:56:21.439 INFO [main] org.apache.catalina.startup.HostConfig.deployDirectory Deploying web application directory [D:\HKUST\Spring Sem 20-21\COMP 4321\Project 4321\apache-tomcat-10.0.5\webapps\manager]
27-Apr-2021 19:56:21.471 INFO [main] org.apache.catalina.startup.HostConfig.deployDirectory Deployment of web application directory [D:\HKUST\Spring Sem 20-21\COMP 4321\Project 4321\apache-tomcat-10.0.5\webapps\manager] has finished in [32] ms
27-Apr-2021 19:56:21.471 INFO [main] org.apache.catalina.startup.HostConfig.deployDirectory Deploying web application directory [D:\HKUST\Spring Sem 20-21\COMP 4321\Project 4321\apache-tomcat-10.0.5\webapps\ROOT]
27-Apr-2021 19:56:21.511 INFO [main] org.apache.catalina.startup.HostConfig.deployDirectory Deployment of web application directory [D:\HKUST\Spring Sem 20-21\COMP 4321\Project 4321\apache-tomcat-10.0.5\webapps\ROOT] has finished in [39] ms
27-Apr-2021 19:56:21.516 INFO [main] org.apache.coyote.AbstractProtocol.start Starting ProtocolHandler ["http-nio-8080"]
27-Apr-2021 19:56:21.916 INFO [main] org.apache.catalina.startup.Catalina.start Server startup in [3807] milliseconds
27-Apr-2021 20:54:44.254 INFO [main] org.apache.catalina.core.StandardServer.await A valid shutdown command was received via the shutdown port. Stopping the Server instance.
27-Apr-2021 20:54:44.277 INFO [main] org.apache.coyote.AbstractProtocol.pause Pausing ProtocolHandler ["http-nio-8080"]
27-Apr-2021 20:54:44.575 INFO [main] org.apache.catalina.core.StandardService.stopInternal Stopping service [Catalina]
27-Apr-2021 20:54:44.655 INFO [main] org.apache.coyote.AbstractProtocol.stop Stopping ProtocolHandler ["http-nio-8080"]
27-Apr-2021 20:54:44.701 INFO [main] org.apache.coyote.AbstractProtocol.destroy Destroying ProtocolHandler ["http-nio-8080"]
27-Apr-2021 21:08:14.576 INFO [main] org.apache.catalina.startup.VersionLoggerListener.log Server version name:   Apache Tomcat/10.0.5
27-Apr-2021 21:08:14.580 INFO [main] org.apache.catalina.startup.VersionLoggerListener.log Server built:          Mar 30 2021 08:19:50 UTC
27-Apr-2021 21:08:14.581 INFO [main] org.apache.catalina.startup.VersionLoggerListener.log Server version number: 10.0.5.0
27-Apr-2021 21:08:14.582 INFO [main] org.apache.catalina.startup.VersionLoggerListener.log OS Name:               Windows 10
27-Apr-2021 21:08:14.582 INFO [main] org.apache.catalina.startup.VersionLoggerListener.log OS Version:            10.0
27-Apr-2021 21:08:14.582 INFO [main] org.apache.catalina.startup.VersionLoggerListener.log Architecture:          amd64
27-Apr-2021 21:08:14.582 INFO [main] org.apache.catalina.startup.VersionLoggerListener.log Java Home:             C:\Program Files\AdoptOpenJDK\jdk-11.0.10.9-hotspot
27-Apr-2021 21:08:14.582 INFO [main] org.apache.catalina.startup.VersionLoggerListener.log JVM Version:           11.0.10+9
27-Apr-2021 21:08:14.582 INFO [main] org.apache.catalina.startup.VersionLoggerListener.log JVM Vendor:            AdoptOpenJDK
27-Apr-2021 21:08:14.582 INFO [main] org.apache.catalina.startup.VersionLoggerListener.log CATALINA_BASE:         D:\HKUST\Spring Sem 20-21\COMP 4321\se 4321\apache-tomcat-10.0.5
27-Apr-2021 21:08:14.582 INFO [main] org.apache.catalina.startup.VersionLoggerListener.log CATALINA_HOME:         D:\HKUST\Spring Sem 20-21\COMP 4321\se 4321\apache-tomcat-10.0.5
27-Apr-2021 21:08:14.693 INFO [main] org.apache.catalina.startup.VersionLoggerListener.log Command line argument: --add-opens=java.base/java.lang=ALL-UNNAMED
27-Apr-2021 21:08:14.694 INFO [main] org.apache.catalina.startup.VersionLoggerListener.log Command line argument: --add-opens=java.base/java.io=ALL-UNNAMED
27-Apr-2021 21:08:14.694 INFO [main] org.apache.catalina.startup.VersionLoggerListener.log Command line argument: --add-opens=java.base/java.util=ALL-UNNAMED
27-Apr-2021 21:08:14.694 INFO [main] org.apache.catalina.startup.VersionLoggerListener.log Command line argument: --add-opens=java.base/java.util.concurrent=ALL-UNNAMED
27-Apr-2021 21:08:14.694 INFO [main] org.apache.catalina.startup.VersionLoggerListener.log Command line argument: --add-opens=java.rmi/sun.rmi.transport=ALL-UNNAMED
27-Apr-2021 21:08:14.695 INFO [main] org.apache.catalina.startup.VersionLoggerListener.log Command line argument: -Djava.util.logging.config.file=D:/HKUST/Spring Sem 20-21/COMP 4321/se 4321/apache-tomcat-10.0.5/conf/logging.properties
27-Apr-2021 21:08:14.695 INFO [main] org.apache.catalina.startup.VersionLoggerListener.log Command line argument: -Djava.util.logging.manager=org.apache.juli.ClassLoaderLogManager
27-Apr-2021 21:08:14.695 INFO [main] org.apache.catalina.startup.VersionLoggerListener.log Command line argument: -Djdk.tls.ephemeralDHKeySize=2048
27-Apr-2021 21:08:14.695 INFO [main] org.apache.catalina.startup.VersionLoggerListener.log Command line argument: -Djava.protocol.handler.pkgs=org.apache.catalina.webresources
27-Apr-2021 21:08:14.695 INFO [main] org.apache.catalina.startup.VersionLoggerListener.log Command line argument: -Dorg.apache.catalina.security.SecurityListener.UMASK=0027
27-Apr-2021 21:08:14.695 INFO [main] org.apache.catalina.startup.VersionLoggerListener.log Command line argument: -Dignore.endorsed.dirs=
27-Apr-2021 21:08:14.696 INFO [main] org.apache.catalina.startup.VersionLoggerListener.log Command line argument: -Dcatalina.base=D:/HKUST/Spring Sem 20-21/COMP 4321/se 4321/apache-tomcat-10.0.5
27-Apr-2021 21:08:14.696 INFO [main] org.apache.catalina.startup.VersionLoggerListener.log Command line argument: -Dcatalina.home=D:/HKUST/Spring Sem 20-21/COMP 4321/se 4321/apache-tomcat-10.0.5
27-Apr-2021 21:08:14.696 INFO [main] org.apache.catalina.startup.VersionLoggerListener.log Command line argument: -Djava.io.tmpdir=D:/HKUST/Spring Sem 20-21/COMP 4321/se 4321/apache-tomcat-10.0.5/temp
27-Apr-2021 21:08:14.722 INFO [main] org.apache.catalina.core.AprLifecycleListener.lifecycleEvent The Apache Tomcat Native library which allows using OpenSSL was not found on the java.library.path: [C:\Program Files\AdoptOpenJDK\jdk-11.0.10.9-hotspot\bin;C:\WINDOWS\Sun\Java\bin;C:\WINDOWS\system32;C:\WINDOWS;C:\Users\Dell\bin;C:\Program Files\Git\mingw64\bin;C:\Program Files\Git\usr\local\bin;C:\Program Files\Git\usr\bin;C:\Program Files\Git\usr\bin;C:\Program Files\Git\mingw64\bin;C:\Program Files\Git\usr\bin;C:\Users\Dell\bin;C:\Program Files\AdoptOpenJDK\jdk-11.0.10.9-hotspot\bin;C:\Program Files\Python39\Scripts;C:\Program Files\Python39;C:\Program Files (x86)\Common Files\Intel\Shared Libraries\redist\intel64\compiler;D:\app\client\Dell\product\18.0.0\client_1;D:\app\client\Dell\product\18.0.0\client_1\bin;C:\Program Files (x86)\Intel\iCLS Client;C:\Program Files\Intel\iCLS Client;C:\Windows\system32;C:\Windows;C:\Windows\System32\Wbem;C:\Windows\System32\WindowsPowerShell\v1.0;C:\Program Files (x86)\Intel\Intel(R) Management Engine Components\DAL;C:\Program Files\Intel\Intel(R) Management Engine Components\DAL;C:\Program Files (x86)\Intel\Intel(R) Management Engine Components\IPT;C:\Program Files\Intel\Intel(R) Management Engine Components\IPT;C:\WINDOWS\system32;C:\WINDOWS;C:\WINDOWS\System32\Wbem;C:\WINDOWS\System32\WindowsPowerShell\v1.0;C:\WINDOWS\System32\OpenSSH;C:\Program Files (x86)\Visual Leak Detector\bin\Win32;C:\Program Files (x86)\Visual Leak Detector\bin\Win64;C:\Program Files\Microsoft SQL Server\130\Tools\Binn;C:\Program Files\Git\cmd;C:\Users\Dell\AppData\Roaming\nvm;C:\Program Files\nodejs;C:\Program Files\PuTTY;C:\Program Files (x86)\NVIDIA Corporation\PhysX\Common;C:\Program Files\NVIDIA Corporation\NVIDIA NvDLISR;C:\MinGW\bin;C:\xampp\php;C:\Program Files (x86)\Pulse Secure\VC142.CRT\X64;C:\Program Files (x86)\Pulse Secure\VC142.CRT\X86;D:\anaconda3\bin;C:\Users\Dell\AppData\Local\Microsoft\WindowsApps;C:\MinGW\bin;C:\Program Files\JetBrains\CLion 2019.2.5\bin;C:\Program Files\JetBrains\WebStorm 2019.2.4\bin;C:\Users\Dell\AppData\Local\Programs\Microsoft VS Code\bin;C:\Users\Dell\AppData\Roaming\npm;C:\Users\Dell\AppData\Roaming\nvm;C:\Program Files\nodejs;C:\Program Files\Git\usr\bin\vendor_perl;C:\Program Files\Git\usr\bin\core_perl;.]
27-Apr-2021 21:08:15.985 INFO [main] org.apache.coyote.AbstractProtocol.init Initializing ProtocolHandler ["http-nio-8080"]
27-Apr-2021 21:08:16.042 INFO [main] org.apache.catalina.startup.Catalina.load Server initialization in [1870] milliseconds
27-Apr-2021 21:08:16.158 INFO [main] org.apache.catalina.core.StandardService.startInternal Starting service [Catalina]
27-Apr-2021 21:08:16.158 INFO [main] org.apache.catalina.core.StandardEngine.startInternal Starting Servlet engine: [Apache Tomcat/10.0.5]
27-Apr-2021 21:08:16.195 INFO [main] org.apache.catalina.startup.HostConfig.deployWAR Deploying web application archive [D:\HKUST\Spring Sem 20-21\COMP 4321\se 4321\apache-tomcat-10.0.5\webapps\se 4321.war]
27-Apr-2021 21:08:17.671 INFO [main] org.apache.jasper.servlet.TldScanner.scanJars At least one JAR was scanned for TLDs yet contained no TLDs. Enable debug logging for this logger for a complete list of JARs that were scanned but no TLDs were found in them. Skipping unneeded JARs during scanning can improve startup time and JSP compilation time.
27-Apr-2021 21:08:18.161 WARNING [main] org.apache.catalina.util.SessionIdGeneratorBase.createSecureRandom Creation of SecureRandom instance for session ID generation using [SHA1PRNG] took [445] milliseconds.
27-Apr-2021 21:08:18.266 INFO [main] org.apache.catalina.startup.HostConfig.deployWAR Deployment of web application archive [D:\HKUST\Spring Sem 20-21\COMP 4321\se 4321\apache-tomcat-10.0.5\webapps\se 4321.war] has finished in [2,066] ms
27-Apr-2021 21:08:18.275 INFO [main] org.apache.catalina.startup.HostConfig.deployDirectory Deploying web application directory [D:\HKUST\Spring Sem 20-21\COMP 4321\se 4321\apache-tomcat-10.0.5\webapps\docs]
27-Apr-2021 21:08:18.442 INFO [main] org.apache.catalina.startup.HostConfig.deployDirectory Deployment of web application directory [D:\HKUST\Spring Sem 20-21\COMP 4321\se 4321\apache-tomcat-10.0.5\webapps\docs] has finished in [168] ms
27-Apr-2021 21:08:18.442 INFO [main] org.apache.catalina.startup.HostConfig.deployDirectory Deploying web application directory [D:\HKUST\Spring Sem 20-21\COMP 4321\se 4321\apache-tomcat-10.0.5\webapps\examples]
27-Apr-2021 21:08:19.517 INFO [main] org.apache.catalina.startup.HostConfig.deployDirectory Deployment of web application directory [D:\HKUST\Spring Sem 20-21\COMP 4321\se 4321\apache-tomcat-10.0.5\webapps\examples] has finished in [1,075] ms
27-Apr-2021 21:08:19.517 INFO [main] org.apache.catalina.startup.HostConfig.deployDirectory Deploying web application directory [D:\HKUST\Spring Sem 20-21\COMP 4321\se 4321\apache-tomcat-10.0.5\webapps\host-manager]
27-Apr-2021 21:08:19.641 INFO [main] org.apache.catalina.startup.HostConfig.deployDirectory Deployment of web application directory [D:\HKUST\Spring Sem 20-21\COMP 4321\se 4321\apache-tomcat-10.0.5\webapps\host-manager] has finished in [124] ms
27-Apr-2021 21:08:19.641 INFO [main] org.apache.catalina.startup.HostConfig.deployDirectory Deploying web application directory [D:\HKUST\Spring Sem 20-21\COMP 4321\se 4321\apache-tomcat-10.0.5\webapps\manager]
27-Apr-2021 21:08:19.707 INFO [main] org.apache.catalina.startup.HostConfig.deployDirectory Deployment of web application directory [D:\HKUST\Spring Sem 20-21\COMP 4321\se 4321\apache-tomcat-10.0.5\webapps\manager] has finished in [65] ms
27-Apr-2021 21:08:19.708 INFO [main] org.apache.catalina.startup.HostConfig.deployDirectory Deploying web application directory [D:\HKUST\Spring Sem 20-21\COMP 4321\se 4321\apache-tomcat-10.0.5\webapps\ROOT]
27-Apr-2021 21:08:19.852 INFO [main] org.apache.catalina.startup.HostConfig.deployDirectory Deployment of web application directory [D:\HKUST\Spring Sem 20-21\COMP 4321\se 4321\apache-tomcat-10.0.5\webapps\ROOT] has finished in [144] ms
27-Apr-2021 21:08:19.870 INFO [main] org.apache.coyote.AbstractProtocol.start Starting ProtocolHandler ["http-nio-8080"]
27-Apr-2021 21:08:20.275 INFO [main] org.apache.catalina.startup.Catalina.start Server startup in [4233] milliseconds
27-Apr-2021 21:13:11.017 INFO [main] org.apache.catalina.core.StandardServer.await A valid shutdown command was received via the shutdown port. Stopping the Server instance.
27-Apr-2021 21:13:11.017 INFO [main] org.apache.coyote.AbstractProtocol.pause Pausing ProtocolHandler ["http-nio-8080"]
27-Apr-2021 21:13:11.360 INFO [main] org.apache.catalina.core.StandardService.stopInternal Stopping service [Catalina]
27-Apr-2021 21:13:11.389 INFO [main] org.apache.coyote.AbstractProtocol.stop Stopping ProtocolHandler ["http-nio-8080"]
27-Apr-2021 21:13:11.404 INFO [main] org.apache.coyote.AbstractProtocol.destroy Destroying ProtocolHandler ["http-nio-8080"]
