01-May-2021 22:39:59.225 INFO [main] org.apache.catalina.startup.VersionLoggerListener.log Server version name:   Apache Tomcat/10.0.5
01-May-2021 22:39:59.230 INFO [main] org.apache.catalina.startup.VersionLoggerListener.log Server built:          Mar 30 2021 08:19:50 UTC
01-May-2021 22:39:59.230 INFO [main] org.apache.catalina.startup.VersionLoggerListener.log Server version number: 10.0.5.0
01-May-2021 22:39:59.231 INFO [main] org.apache.catalina.startup.VersionLoggerListener.log OS Name:               Windows 10
01-May-2021 22:39:59.231 INFO [main] org.apache.catalina.startup.VersionLoggerListener.log OS Version:            10.0
01-May-2021 22:39:59.231 INFO [main] org.apache.catalina.startup.VersionLoggerListener.log Architecture:          amd64
01-May-2021 22:39:59.231 INFO [main] org.apache.catalina.startup.VersionLoggerListener.log Java Home:             C:\Program Files\AdoptOpenJDK\jdk-11.0.10.9-hotspot
01-May-2021 22:39:59.232 INFO [main] org.apache.catalina.startup.VersionLoggerListener.log JVM Version:           11.0.10+9
01-May-2021 22:39:59.232 INFO [main] org.apache.catalina.startup.VersionLoggerListener.log JVM Vendor:            AdoptOpenJDK
01-May-2021 22:39:59.232 INFO [main] org.apache.catalina.startup.VersionLoggerListener.log CATALINA_BASE:         D:\HKUST\Spring Sem 20-21\COMP 4321\Project\apache-tomcat-10.0.5
01-May-2021 22:39:59.232 INFO [main] org.apache.catalina.startup.VersionLoggerListener.log CATALINA_HOME:         D:\HKUST\Spring Sem 20-21\COMP 4321\Project\apache-tomcat-10.0.5
01-May-2021 22:39:59.266 INFO [main] org.apache.catalina.startup.VersionLoggerListener.log Command line argument: --add-opens=java.base/java.lang=ALL-UNNAMED
01-May-2021 22:39:59.266 INFO [main] org.apache.catalina.startup.VersionLoggerListener.log Command line argument: --add-opens=java.base/java.io=ALL-UNNAMED
01-May-2021 22:39:59.266 INFO [main] org.apache.catalina.startup.VersionLoggerListener.log Command line argument: --add-opens=java.base/java.util=ALL-UNNAMED
01-May-2021 22:39:59.266 INFO [main] org.apache.catalina.startup.VersionLoggerListener.log Command line argument: --add-opens=java.base/java.util.concurrent=ALL-UNNAMED
01-May-2021 22:39:59.266 INFO [main] org.apache.catalina.startup.VersionLoggerListener.log Command line argument: --add-opens=java.rmi/sun.rmi.transport=ALL-UNNAMED
01-May-2021 22:39:59.266 INFO [main] org.apache.catalina.startup.VersionLoggerListener.log Command line argument: -Djava.util.logging.config.file=D:/HKUST/Spring Sem 20-21/COMP 4321/Project/apache-tomcat-10.0.5/conf/logging.properties
01-May-2021 22:39:59.267 INFO [main] org.apache.catalina.startup.VersionLoggerListener.log Command line argument: -Djava.util.logging.manager=org.apache.juli.ClassLoaderLogManager
01-May-2021 22:39:59.267 INFO [main] org.apache.catalina.startup.VersionLoggerListener.log Command line argument: -Djdk.tls.ephemeralDHKeySize=2048
01-May-2021 22:39:59.267 INFO [main] org.apache.catalina.startup.VersionLoggerListener.log Command line argument: -Djava.protocol.handler.pkgs=org.apache.catalina.webresources
01-May-2021 22:39:59.267 INFO [main] org.apache.catalina.startup.VersionLoggerListener.log Command line argument: -Dorg.apache.catalina.security.SecurityListener.UMASK=0027
01-May-2021 22:39:59.267 INFO [main] org.apache.catalina.startup.VersionLoggerListener.log Command line argument: -Dignore.endorsed.dirs=
01-May-2021 22:39:59.282 INFO [main] org.apache.catalina.startup.VersionLoggerListener.log Command line argument: -Dcatalina.base=D:/HKUST/Spring Sem 20-21/COMP 4321/Project/apache-tomcat-10.0.5
01-May-2021 22:39:59.283 INFO [main] org.apache.catalina.startup.VersionLoggerListener.log Command line argument: -Dcatalina.home=D:/HKUST/Spring Sem 20-21/COMP 4321/Project/apache-tomcat-10.0.5
01-May-2021 22:39:59.283 INFO [main] org.apache.catalina.startup.VersionLoggerListener.log Command line argument: -Djava.io.tmpdir=D:/HKUST/Spring Sem 20-21/COMP 4321/Project/apache-tomcat-10.0.5/temp
01-May-2021 22:39:59.310 INFO [main] org.apache.catalina.core.AprLifecycleListener.lifecycleEvent The Apache Tomcat Native library which allows using OpenSSL was not found on the java.library.path: [C:\Program Files\AdoptOpenJDK\jdk-11.0.10.9-hotspot\bin;C:\WINDOWS\Sun\Java\bin;C:\WINDOWS\system32;C:\WINDOWS;C:\Users\Dell\bin;C:\Program Files\Git\mingw64\bin;C:\Program Files\Git\usr\local\bin;C:\Program Files\Git\usr\bin;C:\Program Files\Git\usr\bin;C:\Program Files\Git\mingw64\bin;C:\Program Files\Git\usr\bin;C:\Users\Dell\bin;C:\Program Files\AdoptOpenJDK\jdk-11.0.10.9-hotspot\bin;C:\Program Files\Python39\Scripts;C:\Program Files\Python39;C:\Program Files (x86)\Common Files\Intel\Shared Libraries\redist\intel64\compiler;D:\app\client\Dell\product\18.0.0\client_1;D:\app\client\Dell\product\18.0.0\client_1\bin;C:\Program Files (x86)\Intel\iCLS Client;C:\Program Files\Intel\iCLS Client;C:\Windows\system32;C:\Windows;C:\Windows\System32\Wbem;C:\Windows\System32\WindowsPowerShell\v1.0;C:\Program Files (x86)\Intel\Intel(R) Management Engine Components\DAL;C:\Program Files\Intel\Intel(R) Management Engine Components\DAL;C:\Program Files (x86)\Intel\Intel(R) Management Engine Components\IPT;C:\Program Files\Intel\Intel(R) Management Engine Components\IPT;C:\WINDOWS\system32;C:\WINDOWS;C:\WINDOWS\System32\Wbem;C:\WINDOWS\System32\WindowsPowerShell\v1.0;C:\WINDOWS\System32\OpenSSH;C:\Program Files (x86)\Visual Leak Detector\bin\Win32;C:\Program Files (x86)\Visual Leak Detector\bin\Win64;C:\Program Files\Microsoft SQL Server\130\Tools\Binn;C:\Program Files\Git\cmd;C:\Users\Dell\AppData\Roaming\nvm;C:\Program Files\nodejs;C:\Program Files\PuTTY;C:\Program Files (x86)\NVIDIA Corporation\PhysX\Common;C:\Program Files\NVIDIA Corporation\NVIDIA NvDLISR;C:\MinGW\bin;C:\xampp\php;C:\Program Files (x86)\Pulse Secure\VC142.CRT\X64;C:\Program Files (x86)\Pulse Secure\VC142.CRT\X86;D:\anaconda3\bin;C:\Users\Dell\AppData\Local\Microsoft\WindowsApps;C:\MinGW\bin;C:\Program Files\JetBrains\CLion 2019.2.5\bin;C:\Program Files\JetBrains\WebStorm 2019.2.4\bin;C:\Users\Dell\AppData\Local\Programs\Microsoft VS Code\bin;C:\Users\Dell\AppData\Roaming\npm;C:\Users\Dell\AppData\Roaming\nvm;C:\Program Files\nodejs;C:\Program Files\Git\usr\bin\vendor_perl;C:\Program Files\Git\usr\bin\core_perl;.]
01-May-2021 22:39:59.886 INFO [main] org.apache.coyote.AbstractProtocol.init Initializing ProtocolHandler ["http-nio-8080"]
01-May-2021 22:39:59.936 INFO [main] org.apache.catalina.startup.Catalina.load Server initialization in [1267] milliseconds
01-May-2021 22:40:00.064 INFO [main] org.apache.catalina.core.StandardService.startInternal Starting service [Catalina]
01-May-2021 22:40:00.065 INFO [main] org.apache.catalina.core.StandardEngine.startInternal Starting Servlet engine: [Apache Tomcat/10.0.5]
01-May-2021 22:40:00.087 INFO [main] org.apache.catalina.startup.HostConfig.deployDirectory Deploying web application directory [D:\HKUST\Spring Sem 20-21\COMP 4321\Project\apache-tomcat-10.0.5\webapps\docs]
01-May-2021 22:40:00.815 WARNING [main] org.apache.catalina.util.SessionIdGeneratorBase.createSecureRandom Creation of SecureRandom instance for session ID generation using [SHA1PRNG] took [253] milliseconds.
01-May-2021 22:40:00.843 INFO [main] org.apache.catalina.startup.HostConfig.deployDirectory Deployment of web application directory [D:\HKUST\Spring Sem 20-21\COMP 4321\Project\apache-tomcat-10.0.5\webapps\docs] has finished in [756] ms
01-May-2021 22:40:00.860 INFO [main] org.apache.catalina.startup.HostConfig.deployDirectory Deploying web application directory [D:\HKUST\Spring Sem 20-21\COMP 4321\Project\apache-tomcat-10.0.5\webapps\examples]
01-May-2021 22:40:01.680 INFO [main] org.apache.catalina.startup.HostConfig.deployDirectory Deployment of web application directory [D:\HKUST\Spring Sem 20-21\COMP 4321\Project\apache-tomcat-10.0.5\webapps\examples] has finished in [820] ms
01-May-2021 22:40:01.680 INFO [main] org.apache.catalina.startup.HostConfig.deployDirectory Deploying web application directory [D:\HKUST\Spring Sem 20-21\COMP 4321\Project\apache-tomcat-10.0.5\webapps\host-manager]
01-May-2021 22:40:01.772 INFO [main] org.apache.catalina.startup.HostConfig.deployDirectory Deployment of web application directory [D:\HKUST\Spring Sem 20-21\COMP 4321\Project\apache-tomcat-10.0.5\webapps\host-manager] has finished in [91] ms
01-May-2021 22:40:01.772 INFO [main] org.apache.catalina.startup.HostConfig.deployDirectory Deploying web application directory [D:\HKUST\Spring Sem 20-21\COMP 4321\Project\apache-tomcat-10.0.5\webapps\manager]
01-May-2021 22:40:01.818 INFO [main] org.apache.catalina.startup.HostConfig.deployDirectory Deployment of web application directory [D:\HKUST\Spring Sem 20-21\COMP 4321\Project\apache-tomcat-10.0.5\webapps\manager] has finished in [46] ms
01-May-2021 22:40:01.818 INFO [main] org.apache.catalina.startup.HostConfig.deployDirectory Deploying web application directory [D:\HKUST\Spring Sem 20-21\COMP 4321\Project\apache-tomcat-10.0.5\webapps\ROOT]
01-May-2021 22:40:01.861 INFO [main] org.apache.catalina.startup.HostConfig.deployDirectory Deployment of web application directory [D:\HKUST\Spring Sem 20-21\COMP 4321\Project\apache-tomcat-10.0.5\webapps\ROOT] has finished in [43] ms
01-May-2021 22:40:01.862 INFO [main] org.apache.catalina.startup.HostConfig.deployDirectory Deploying web application directory [D:\HKUST\Spring Sem 20-21\COMP 4321\Project\apache-tomcat-10.0.5\webapps\se4321]
01-May-2021 22:40:02.490 INFO [main] org.apache.jasper.servlet.TldScanner.scanJars At least one JAR was scanned for TLDs yet contained no TLDs. Enable debug logging for this logger for a complete list of JARs that were scanned but no TLDs were found in them. Skipping unneeded JARs during scanning can improve startup time and JSP compilation time.
01-May-2021 22:40:02.506 INFO [main] org.apache.catalina.startup.HostConfig.deployDirectory Deployment of web application directory [D:\HKUST\Spring Sem 20-21\COMP 4321\Project\apache-tomcat-10.0.5\webapps\se4321] has finished in [643] ms
01-May-2021 22:40:02.512 INFO [main] org.apache.coyote.AbstractProtocol.start Starting ProtocolHandler ["http-nio-8080"]
01-May-2021 22:40:02.797 INFO [main] org.apache.catalina.startup.Catalina.start Server startup in [2861] milliseconds
01-May-2021 22:40:47.288 INFO [main] org.apache.catalina.core.StandardServer.await A valid shutdown command was received via the shutdown port. Stopping the Server instance.
01-May-2021 22:40:47.289 INFO [main] org.apache.coyote.AbstractProtocol.pause Pausing ProtocolHandler ["http-nio-8080"]
01-May-2021 22:40:47.607 INFO [main] org.apache.catalina.core.StandardService.stopInternal Stopping service [Catalina]
01-May-2021 22:40:47.641 INFO [main] org.apache.coyote.AbstractProtocol.stop Stopping ProtocolHandler ["http-nio-8080"]
01-May-2021 22:40:47.651 INFO [main] org.apache.coyote.AbstractProtocol.destroy Destroying ProtocolHandler ["http-nio-8080"]
01-May-2021 22:52:07.470 INFO [main] org.apache.catalina.startup.VersionLoggerListener.log Server version name:   Apache Tomcat/10.0.5
01-May-2021 22:52:07.476 INFO [main] org.apache.catalina.startup.VersionLoggerListener.log Server built:          Mar 30 2021 08:19:50 UTC
01-May-2021 22:52:07.476 INFO [main] org.apache.catalina.startup.VersionLoggerListener.log Server version number: 10.0.5.0
01-May-2021 22:52:07.476 INFO [main] org.apache.catalina.startup.VersionLoggerListener.log OS Name:               Windows 10
01-May-2021 22:52:07.476 INFO [main] org.apache.catalina.startup.VersionLoggerListener.log OS Version:            10.0
01-May-2021 22:52:07.476 INFO [main] org.apache.catalina.startup.VersionLoggerListener.log Architecture:          amd64
01-May-2021 22:52:07.476 INFO [main] org.apache.catalina.startup.VersionLoggerListener.log Java Home:             C:\Program Files\AdoptOpenJDK\jdk-11.0.10.9-hotspot
01-May-2021 22:52:07.476 INFO [main] org.apache.catalina.startup.VersionLoggerListener.log JVM Version:           11.0.10+9
01-May-2021 22:52:07.476 INFO [main] org.apache.catalina.startup.VersionLoggerListener.log JVM Vendor:            AdoptOpenJDK
01-May-2021 22:52:07.477 INFO [main] org.apache.catalina.startup.VersionLoggerListener.log CATALINA_BASE:         D:\HKUST\Spring Sem 20-21\COMP 4321\Project\apache-tomcat-10.0.5
01-May-2021 22:52:07.477 INFO [main] org.apache.catalina.startup.VersionLoggerListener.log CATALINA_HOME:         D:\HKUST\Spring Sem 20-21\COMP 4321\Project\apache-tomcat-10.0.5
01-May-2021 22:52:07.508 INFO [main] org.apache.catalina.startup.VersionLoggerListener.log Command line argument: --add-opens=java.base/java.lang=ALL-UNNAMED
01-May-2021 22:52:07.509 INFO [main] org.apache.catalina.startup.VersionLoggerListener.log Command line argument: --add-opens=java.base/java.io=ALL-UNNAMED
01-May-2021 22:52:07.509 INFO [main] org.apache.catalina.startup.VersionLoggerListener.log Command line argument: --add-opens=java.base/java.util=ALL-UNNAMED
01-May-2021 22:52:07.509 INFO [main] org.apache.catalina.startup.VersionLoggerListener.log Command line argument: --add-opens=java.base/java.util.concurrent=ALL-UNNAMED
01-May-2021 22:52:07.509 INFO [main] org.apache.catalina.startup.VersionLoggerListener.log Command line argument: --add-opens=java.rmi/sun.rmi.transport=ALL-UNNAMED
01-May-2021 22:52:07.509 INFO [main] org.apache.catalina.startup.VersionLoggerListener.log Command line argument: -Djava.util.logging.config.file=D:/HKUST/Spring Sem 20-21/COMP 4321/Project/apache-tomcat-10.0.5/conf/logging.properties
01-May-2021 22:52:07.510 INFO [main] org.apache.catalina.startup.VersionLoggerListener.log Command line argument: -Djava.util.logging.manager=org.apache.juli.ClassLoaderLogManager
01-May-2021 22:52:07.510 INFO [main] org.apache.catalina.startup.VersionLoggerListener.log Command line argument: -Djdk.tls.ephemeralDHKeySize=2048
01-May-2021 22:52:07.510 INFO [main] org.apache.catalina.startup.VersionLoggerListener.log Command line argument: -Djava.protocol.handler.pkgs=org.apache.catalina.webresources
01-May-2021 22:52:07.510 INFO [main] org.apache.catalina.startup.VersionLoggerListener.log Command line argument: -Dorg.apache.catalina.security.SecurityListener.UMASK=0027
01-May-2021 22:52:07.510 INFO [main] org.apache.catalina.startup.VersionLoggerListener.log Command line argument: -Dignore.endorsed.dirs=
01-May-2021 22:52:07.510 INFO [main] org.apache.catalina.startup.VersionLoggerListener.log Command line argument: -Dcatalina.base=D:/HKUST/Spring Sem 20-21/COMP 4321/Project/apache-tomcat-10.0.5
01-May-2021 22:52:07.510 INFO [main] org.apache.catalina.startup.VersionLoggerListener.log Command line argument: -Dcatalina.home=D:/HKUST/Spring Sem 20-21/COMP 4321/Project/apache-tomcat-10.0.5
01-May-2021 22:52:07.510 INFO [main] org.apache.catalina.startup.VersionLoggerListener.log Command line argument: -Djava.io.tmpdir=D:/HKUST/Spring Sem 20-21/COMP 4321/Project/apache-tomcat-10.0.5/temp
01-May-2021 22:52:07.548 INFO [main] org.apache.catalina.core.AprLifecycleListener.lifecycleEvent The Apache Tomcat Native library which allows using OpenSSL was not found on the java.library.path: [C:\Program Files\AdoptOpenJDK\jdk-11.0.10.9-hotspot\bin;C:\WINDOWS\Sun\Java\bin;C:\WINDOWS\system32;C:\WINDOWS;C:\Users\Dell\bin;C:\Program Files\Git\mingw64\bin;C:\Program Files\Git\usr\local\bin;C:\Program Files\Git\usr\bin;C:\Program Files\Git\usr\bin;C:\Program Files\Git\mingw64\bin;C:\Program Files\Git\usr\bin;C:\Users\Dell\bin;C:\Program Files\AdoptOpenJDK\jdk-11.0.10.9-hotspot\bin;C:\Program Files\Python39\Scripts;C:\Program Files\Python39;C:\Program Files (x86)\Common Files\Intel\Shared Libraries\redist\intel64\compiler;D:\app\client\Dell\product\18.0.0\client_1;D:\app\client\Dell\product\18.0.0\client_1\bin;C:\Program Files (x86)\Intel\iCLS Client;C:\Program Files\Intel\iCLS Client;C:\Windows\system32;C:\Windows;C:\Windows\System32\Wbem;C:\Windows\System32\WindowsPowerShell\v1.0;C:\Program Files (x86)\Intel\Intel(R) Management Engine Components\DAL;C:\Program Files\Intel\Intel(R) Management Engine Components\DAL;C:\Program Files (x86)\Intel\Intel(R) Management Engine Components\IPT;C:\Program Files\Intel\Intel(R) Management Engine Components\IPT;C:\WINDOWS\system32;C:\WINDOWS;C:\WINDOWS\System32\Wbem;C:\WINDOWS\System32\WindowsPowerShell\v1.0;C:\WINDOWS\System32\OpenSSH;C:\Program Files (x86)\Visual Leak Detector\bin\Win32;C:\Program Files (x86)\Visual Leak Detector\bin\Win64;C:\Program Files\Microsoft SQL Server\130\Tools\Binn;C:\Program Files\Git\cmd;C:\Users\Dell\AppData\Roaming\nvm;C:\Program Files\nodejs;C:\Program Files\PuTTY;C:\Program Files (x86)\NVIDIA Corporation\PhysX\Common;C:\Program Files\NVIDIA Corporation\NVIDIA NvDLISR;C:\MinGW\bin;C:\xampp\php;C:\Program Files (x86)\Pulse Secure\VC142.CRT\X64;C:\Program Files (x86)\Pulse Secure\VC142.CRT\X86;D:\anaconda3\bin;C:\Users\Dell\AppData\Local\Microsoft\WindowsApps;C:\MinGW\bin;C:\Program Files\JetBrains\CLion 2019.2.5\bin;C:\Program Files\JetBrains\WebStorm 2019.2.4\bin;C:\Users\Dell\AppData\Local\Programs\Microsoft VS Code\bin;C:\Users\Dell\AppData\Roaming\npm;C:\Users\Dell\AppData\Roaming\nvm;C:\Program Files\nodejs;C:\Program Files\Git\usr\bin\vendor_perl;C:\Program Files\Git\usr\bin\core_perl;.]
01-May-2021 22:52:08.221 INFO [main] org.apache.coyote.AbstractProtocol.init Initializing ProtocolHandler ["http-nio-8080"]
01-May-2021 22:52:08.269 INFO [main] org.apache.catalina.startup.Catalina.load Server initialization in [1351] milliseconds
01-May-2021 22:52:08.387 INFO [main] org.apache.catalina.core.StandardService.startInternal Starting service [Catalina]
01-May-2021 22:52:08.387 INFO [main] org.apache.catalina.core.StandardEngine.startInternal Starting Servlet engine: [Apache Tomcat/10.0.5]
01-May-2021 22:52:08.400 INFO [main] org.apache.catalina.startup.HostConfig.deployDirectory Deploying web application directory [D:\HKUST\Spring Sem 20-21\COMP 4321\Project\apache-tomcat-10.0.5\webapps\docs]
01-May-2021 22:52:09.209 WARNING [main] org.apache.catalina.util.SessionIdGeneratorBase.createSecureRandom Creation of SecureRandom instance for session ID generation using [SHA1PRNG] took [246] milliseconds.
01-May-2021 22:52:09.301 INFO [main] org.apache.catalina.startup.HostConfig.deployDirectory Deployment of web application directory [D:\HKUST\Spring Sem 20-21\COMP 4321\Project\apache-tomcat-10.0.5\webapps\docs] has finished in [900] ms
01-May-2021 22:52:09.301 INFO [main] org.apache.catalina.startup.HostConfig.deployDirectory Deploying web application directory [D:\HKUST\Spring Sem 20-21\COMP 4321\Project\apache-tomcat-10.0.5\webapps\examples]
01-May-2021 22:52:09.980 INFO [main] org.apache.catalina.startup.HostConfig.deployDirectory Deployment of web application directory [D:\HKUST\Spring Sem 20-21\COMP 4321\Project\apache-tomcat-10.0.5\webapps\examples] has finished in [679] ms
01-May-2021 22:52:09.980 INFO [main] org.apache.catalina.startup.HostConfig.deployDirectory Deploying web application directory [D:\HKUST\Spring Sem 20-21\COMP 4321\Project\apache-tomcat-10.0.5\webapps\host-manager]
01-May-2021 22:52:10.050 INFO [main] org.apache.catalina.startup.HostConfig.deployDirectory Deployment of web application directory [D:\HKUST\Spring Sem 20-21\COMP 4321\Project\apache-tomcat-10.0.5\webapps\host-manager] has finished in [70] ms
01-May-2021 22:52:10.050 INFO [main] org.apache.catalina.startup.HostConfig.deployDirectory Deploying web application directory [D:\HKUST\Spring Sem 20-21\COMP 4321\Project\apache-tomcat-10.0.5\webapps\manager]
01-May-2021 22:52:10.092 INFO [main] org.apache.catalina.startup.HostConfig.deployDirectory Deployment of web application directory [D:\HKUST\Spring Sem 20-21\COMP 4321\Project\apache-tomcat-10.0.5\webapps\manager] has finished in [42] ms
01-May-2021 22:52:10.092 INFO [main] org.apache.catalina.startup.HostConfig.deployDirectory Deploying web application directory [D:\HKUST\Spring Sem 20-21\COMP 4321\Project\apache-tomcat-10.0.5\webapps\ROOT]
01-May-2021 22:52:10.134 INFO [main] org.apache.catalina.startup.HostConfig.deployDirectory Deployment of web application directory [D:\HKUST\Spring Sem 20-21\COMP 4321\Project\apache-tomcat-10.0.5\webapps\ROOT] has finished in [42] ms
01-May-2021 22:52:10.135 INFO [main] org.apache.catalina.startup.HostConfig.deployDirectory Deploying web application directory [D:\HKUST\Spring Sem 20-21\COMP 4321\Project\apache-tomcat-10.0.5\webapps\se4321]
01-May-2021 22:52:10.603 INFO [main] org.apache.jasper.servlet.TldScanner.scanJars At least one JAR was scanned for TLDs yet contained no TLDs. Enable debug logging for this logger for a complete list of JARs that were scanned but no TLDs were found in them. Skipping unneeded JARs during scanning can improve startup time and JSP compilation time.
01-May-2021 22:52:10.617 INFO [main] org.apache.catalina.startup.HostConfig.deployDirectory Deployment of web application directory [D:\HKUST\Spring Sem 20-21\COMP 4321\Project\apache-tomcat-10.0.5\webapps\se4321] has finished in [482] ms
01-May-2021 22:52:10.622 INFO [main] org.apache.coyote.AbstractProtocol.start Starting ProtocolHandler ["http-nio-8080"]
01-May-2021 22:52:10.895 INFO [main] org.apache.catalina.startup.Catalina.start Server startup in [2625] milliseconds
01-May-2021 22:54:08.188 INFO [main] org.apache.catalina.core.StandardServer.await A valid shutdown command was received via the shutdown port. Stopping the Server instance.
01-May-2021 22:54:08.188 INFO [main] org.apache.coyote.AbstractProtocol.pause Pausing ProtocolHandler ["http-nio-8080"]
01-May-2021 22:54:08.453 INFO [main] org.apache.catalina.core.StandardService.stopInternal Stopping service [Catalina]
01-May-2021 22:54:08.480 INFO [main] org.apache.coyote.AbstractProtocol.stop Stopping ProtocolHandler ["http-nio-8080"]
01-May-2021 22:54:08.496 INFO [main] org.apache.coyote.AbstractProtocol.destroy Destroying ProtocolHandler ["http-nio-8080"]
