30-Apr-2021 01:04:01.298 INFO [main] org.apache.catalina.startup.VersionLoggerListener.log Server version name:   Apache Tomcat/10.0.5
30-Apr-2021 01:04:01.301 INFO [main] org.apache.catalina.startup.VersionLoggerListener.log Server built:          Mar 30 2021 08:19:50 UTC
30-Apr-2021 01:04:01.302 INFO [main] org.apache.catalina.startup.VersionLoggerListener.log Server version number: 10.0.5.0
30-Apr-2021 01:04:01.302 INFO [main] org.apache.catalina.startup.VersionLoggerListener.log OS Name:               Linux
30-Apr-2021 01:04:01.302 INFO [main] org.apache.catalina.startup.VersionLoggerListener.log OS Version:            5.4.0-72-generic
30-Apr-2021 01:04:01.302 INFO [main] org.apache.catalina.startup.VersionLoggerListener.log Architecture:          amd64
30-Apr-2021 01:04:01.302 INFO [main] org.apache.catalina.startup.VersionLoggerListener.log Java Home:             /usr/lib/jvm/java-11-openjdk-amd64
30-Apr-2021 01:04:01.302 INFO [main] org.apache.catalina.startup.VersionLoggerListener.log JVM Version:           11.0.11+9-Ubuntu-0ubuntu2.20.04
30-Apr-2021 01:04:01.303 INFO [main] org.apache.catalina.startup.VersionLoggerListener.log JVM Vendor:            Ubuntu
30-Apr-2021 01:04:01.303 INFO [main] org.apache.catalina.startup.VersionLoggerListener.log CATALINA_BASE:         /home/kelvin/Documents/UniversityStuffs/COMP4321/comp4321-project/apache-tomcat-10.0.5
30-Apr-2021 01:04:01.303 INFO [main] org.apache.catalina.startup.VersionLoggerListener.log CATALINA_HOME:         /home/kelvin/Documents/UniversityStuffs/COMP4321/comp4321-project/apache-tomcat-10.0.5
30-Apr-2021 01:04:01.317 INFO [main] org.apache.catalina.startup.VersionLoggerListener.log Command line argument: --add-opens=java.base/java.lang=ALL-UNNAMED
30-Apr-2021 01:04:01.318 INFO [main] org.apache.catalina.startup.VersionLoggerListener.log Command line argument: --add-opens=java.base/java.io=ALL-UNNAMED
30-Apr-2021 01:04:01.318 INFO [main] org.apache.catalina.startup.VersionLoggerListener.log Command line argument: --add-opens=java.base/java.util=ALL-UNNAMED
30-Apr-2021 01:04:01.318 INFO [main] org.apache.catalina.startup.VersionLoggerListener.log Command line argument: --add-opens=java.base/java.util.concurrent=ALL-UNNAMED
30-Apr-2021 01:04:01.318 INFO [main] org.apache.catalina.startup.VersionLoggerListener.log Command line argument: --add-opens=java.rmi/sun.rmi.transport=ALL-UNNAMED
30-Apr-2021 01:04:01.318 INFO [main] org.apache.catalina.startup.VersionLoggerListener.log Command line argument: -Djava.util.logging.config.file=/home/kelvin/Documents/UniversityStuffs/COMP4321/comp4321-project/apache-tomcat-10.0.5/conf/logging.properties
30-Apr-2021 01:04:01.318 INFO [main] org.apache.catalina.startup.VersionLoggerListener.log Command line argument: -Djava.util.logging.manager=org.apache.juli.ClassLoaderLogManager
30-Apr-2021 01:04:01.318 INFO [main] org.apache.catalina.startup.VersionLoggerListener.log Command line argument: -Djdk.tls.ephemeralDHKeySize=2048
30-Apr-2021 01:04:01.318 INFO [main] org.apache.catalina.startup.VersionLoggerListener.log Command line argument: -Djava.protocol.handler.pkgs=org.apache.catalina.webresources
30-Apr-2021 01:04:01.319 INFO [main] org.apache.catalina.startup.VersionLoggerListener.log Command line argument: -Dorg.apache.catalina.security.SecurityListener.UMASK=0027
30-Apr-2021 01:04:01.319 INFO [main] org.apache.catalina.startup.VersionLoggerListener.log Command line argument: -Dignore.endorsed.dirs=
30-Apr-2021 01:04:01.319 INFO [main] org.apache.catalina.startup.VersionLoggerListener.log Command line argument: -Dcatalina.base=/home/kelvin/Documents/UniversityStuffs/COMP4321/comp4321-project/apache-tomcat-10.0.5
30-Apr-2021 01:04:01.319 INFO [main] org.apache.catalina.startup.VersionLoggerListener.log Command line argument: -Dcatalina.home=/home/kelvin/Documents/UniversityStuffs/COMP4321/comp4321-project/apache-tomcat-10.0.5
30-Apr-2021 01:04:01.319 INFO [main] org.apache.catalina.startup.VersionLoggerListener.log Command line argument: -Djava.io.tmpdir=/home/kelvin/Documents/UniversityStuffs/COMP4321/comp4321-project/apache-tomcat-10.0.5/temp
30-Apr-2021 01:04:01.320 INFO [main] org.apache.catalina.core.AprLifecycleListener.lifecycleEvent The Apache Tomcat Native library which allows using OpenSSL was not found on the java.library.path: [/usr/java/packages/lib:/usr/lib/x86_64-linux-gnu/jni:/lib/x86_64-linux-gnu:/usr/lib/x86_64-linux-gnu:/usr/lib/jni:/lib:/usr/lib]
30-Apr-2021 01:04:01.716 INFO [main] org.apache.coyote.AbstractProtocol.init Initializing ProtocolHandler ["http-nio-8080"]
30-Apr-2021 01:04:01.744 INFO [main] org.apache.catalina.startup.Catalina.load Server initialization in [650] milliseconds
30-Apr-2021 01:04:01.798 INFO [main] org.apache.catalina.core.StandardService.startInternal Starting service [Catalina]
30-Apr-2021 01:04:01.799 INFO [main] org.apache.catalina.core.StandardEngine.startInternal Starting Servlet engine: [Apache Tomcat/10.0.5]
30-Apr-2021 01:04:01.807 INFO [main] org.apache.catalina.startup.HostConfig.deployDirectory Deploying web application directory [/home/kelvin/Documents/UniversityStuffs/COMP4321/comp4321-project/apache-tomcat-10.0.5/webapps/examples]
30-Apr-2021 01:04:02.232 SEVERE [main] org.apache.catalina.core.StandardContext.startInternal One or more listeners failed to start. Full details will be found in the appropriate container log file
30-Apr-2021 01:04:02.244 SEVERE [main] org.apache.catalina.core.StandardContext.startInternal Context [/examples] startup failed due to previous errors
30-Apr-2021 01:04:02.254 INFO [main] org.apache.catalina.startup.HostConfig.deployDirectory Deployment of web application directory [/home/kelvin/Documents/UniversityStuffs/COMP4321/comp4321-project/apache-tomcat-10.0.5/webapps/examples] has finished in [448] ms
30-Apr-2021 01:04:02.255 INFO [main] org.apache.catalina.startup.HostConfig.deployDirectory Deploying web application directory [/home/kelvin/Documents/UniversityStuffs/COMP4321/comp4321-project/apache-tomcat-10.0.5/webapps/host-manager]
30-Apr-2021 01:04:02.309 INFO [main] org.apache.catalina.startup.HostConfig.deployDirectory Deployment of web application directory [/home/kelvin/Documents/UniversityStuffs/COMP4321/comp4321-project/apache-tomcat-10.0.5/webapps/host-manager] has finished in [53] ms
30-Apr-2021 01:04:02.309 INFO [main] org.apache.catalina.startup.HostConfig.deployDirectory Deploying web application directory [/home/kelvin/Documents/UniversityStuffs/COMP4321/comp4321-project/apache-tomcat-10.0.5/webapps/ROOT]
30-Apr-2021 01:04:02.329 INFO [main] org.apache.catalina.startup.HostConfig.deployDirectory Deployment of web application directory [/home/kelvin/Documents/UniversityStuffs/COMP4321/comp4321-project/apache-tomcat-10.0.5/webapps/ROOT] has finished in [20] ms
30-Apr-2021 01:04:02.329 INFO [main] org.apache.catalina.startup.HostConfig.deployDirectory Deploying web application directory [/home/kelvin/Documents/UniversityStuffs/COMP4321/comp4321-project/apache-tomcat-10.0.5/webapps/docs]
30-Apr-2021 01:04:02.349 INFO [main] org.apache.catalina.startup.HostConfig.deployDirectory Deployment of web application directory [/home/kelvin/Documents/UniversityStuffs/COMP4321/comp4321-project/apache-tomcat-10.0.5/webapps/docs] has finished in [20] ms
30-Apr-2021 01:04:02.349 INFO [main] org.apache.catalina.startup.HostConfig.deployDirectory Deploying web application directory [/home/kelvin/Documents/UniversityStuffs/COMP4321/comp4321-project/apache-tomcat-10.0.5/webapps/se4321]
30-Apr-2021 01:04:02.473 INFO [main] org.apache.jasper.servlet.TldScanner.scanJars At least one JAR was scanned for TLDs yet contained no TLDs. Enable debug logging for this logger for a complete list of JARs that were scanned but no TLDs were found in them. Skipping unneeded JARs during scanning can improve startup time and JSP compilation time.
30-Apr-2021 01:04:02.480 INFO [main] org.apache.catalina.startup.HostConfig.deployDirectory Deployment of web application directory [/home/kelvin/Documents/UniversityStuffs/COMP4321/comp4321-project/apache-tomcat-10.0.5/webapps/se4321] has finished in [131] ms
30-Apr-2021 01:04:02.480 INFO [main] org.apache.catalina.startup.HostConfig.deployDirectory Deploying web application directory [/home/kelvin/Documents/UniversityStuffs/COMP4321/comp4321-project/apache-tomcat-10.0.5/webapps/manager]
30-Apr-2021 01:04:02.507 INFO [main] org.apache.catalina.startup.HostConfig.deployDirectory Deployment of web application directory [/home/kelvin/Documents/UniversityStuffs/COMP4321/comp4321-project/apache-tomcat-10.0.5/webapps/manager] has finished in [27] ms
30-Apr-2021 01:04:02.513 INFO [main] org.apache.coyote.AbstractProtocol.start Starting ProtocolHandler ["http-nio-8080"]
30-Apr-2021 01:04:02.531 INFO [main] org.apache.catalina.startup.Catalina.start Server startup in [787] milliseconds
30-Apr-2021 01:10:01.429 INFO [main] org.apache.catalina.core.StandardServer.await A valid shutdown command was received via the shutdown port. Stopping the Server instance.
30-Apr-2021 01:10:01.430 INFO [main] org.apache.coyote.AbstractProtocol.pause Pausing ProtocolHandler ["http-nio-8080"]
30-Apr-2021 01:10:01.437 INFO [main] org.apache.catalina.core.StandardService.stopInternal Stopping service [Catalina]
30-Apr-2021 01:10:01.454 INFO [main] org.apache.coyote.AbstractProtocol.stop Stopping ProtocolHandler ["http-nio-8080"]
30-Apr-2021 01:10:01.485 INFO [main] org.apache.coyote.AbstractProtocol.destroy Destroying ProtocolHandler ["http-nio-8080"]
30-Apr-2021 01:12:07.516 INFO [main] org.apache.catalina.startup.VersionLoggerListener.log Server version name:   Apache Tomcat/10.0.5
30-Apr-2021 01:12:07.519 INFO [main] org.apache.catalina.startup.VersionLoggerListener.log Server built:          Mar 30 2021 08:19:50 UTC
30-Apr-2021 01:12:07.520 INFO [main] org.apache.catalina.startup.VersionLoggerListener.log Server version number: 10.0.5.0
30-Apr-2021 01:12:07.520 INFO [main] org.apache.catalina.startup.VersionLoggerListener.log OS Name:               Linux
30-Apr-2021 01:12:07.520 INFO [main] org.apache.catalina.startup.VersionLoggerListener.log OS Version:            5.4.0-72-generic
30-Apr-2021 01:12:07.520 INFO [main] org.apache.catalina.startup.VersionLoggerListener.log Architecture:          amd64
30-Apr-2021 01:12:07.520 INFO [main] org.apache.catalina.startup.VersionLoggerListener.log Java Home:             /usr/lib/jvm/java-11-openjdk-amd64
30-Apr-2021 01:12:07.520 INFO [main] org.apache.catalina.startup.VersionLoggerListener.log JVM Version:           11.0.11+9-Ubuntu-0ubuntu2.20.04
30-Apr-2021 01:12:07.520 INFO [main] org.apache.catalina.startup.VersionLoggerListener.log JVM Vendor:            Ubuntu
30-Apr-2021 01:12:07.520 INFO [main] org.apache.catalina.startup.VersionLoggerListener.log CATALINA_BASE:         /home/kelvin/Documents/UniversityStuffs/COMP4321/comp4321-project/apache-tomcat-10.0.5
30-Apr-2021 01:12:07.520 INFO [main] org.apache.catalina.startup.VersionLoggerListener.log CATALINA_HOME:         /home/kelvin/Documents/UniversityStuffs/COMP4321/comp4321-project/apache-tomcat-10.0.5
30-Apr-2021 01:12:07.533 INFO [main] org.apache.catalina.startup.VersionLoggerListener.log Command line argument: --add-opens=java.base/java.lang=ALL-UNNAMED
30-Apr-2021 01:12:07.534 INFO [main] org.apache.catalina.startup.VersionLoggerListener.log Command line argument: --add-opens=java.base/java.io=ALL-UNNAMED
30-Apr-2021 01:12:07.534 INFO [main] org.apache.catalina.startup.VersionLoggerListener.log Command line argument: --add-opens=java.base/java.util=ALL-UNNAMED
30-Apr-2021 01:12:07.534 INFO [main] org.apache.catalina.startup.VersionLoggerListener.log Command line argument: --add-opens=java.base/java.util.concurrent=ALL-UNNAMED
30-Apr-2021 01:12:07.534 INFO [main] org.apache.catalina.startup.VersionLoggerListener.log Command line argument: --add-opens=java.rmi/sun.rmi.transport=ALL-UNNAMED
30-Apr-2021 01:12:07.534 INFO [main] org.apache.catalina.startup.VersionLoggerListener.log Command line argument: -Djava.util.logging.config.file=/home/kelvin/Documents/UniversityStuffs/COMP4321/comp4321-project/apache-tomcat-10.0.5/conf/logging.properties
30-Apr-2021 01:12:07.534 INFO [main] org.apache.catalina.startup.VersionLoggerListener.log Command line argument: -Djava.util.logging.manager=org.apache.juli.ClassLoaderLogManager
30-Apr-2021 01:12:07.534 INFO [main] org.apache.catalina.startup.VersionLoggerListener.log Command line argument: -Djdk.tls.ephemeralDHKeySize=2048
30-Apr-2021 01:12:07.535 INFO [main] org.apache.catalina.startup.VersionLoggerListener.log Command line argument: -Djava.protocol.handler.pkgs=org.apache.catalina.webresources
30-Apr-2021 01:12:07.535 INFO [main] org.apache.catalina.startup.VersionLoggerListener.log Command line argument: -Dorg.apache.catalina.security.SecurityListener.UMASK=0027
30-Apr-2021 01:12:07.535 INFO [main] org.apache.catalina.startup.VersionLoggerListener.log Command line argument: -Dignore.endorsed.dirs=
30-Apr-2021 01:12:07.535 INFO [main] org.apache.catalina.startup.VersionLoggerListener.log Command line argument: -Dcatalina.base=/home/kelvin/Documents/UniversityStuffs/COMP4321/comp4321-project/apache-tomcat-10.0.5
30-Apr-2021 01:12:07.535 INFO [main] org.apache.catalina.startup.VersionLoggerListener.log Command line argument: -Dcatalina.home=/home/kelvin/Documents/UniversityStuffs/COMP4321/comp4321-project/apache-tomcat-10.0.5
30-Apr-2021 01:12:07.535 INFO [main] org.apache.catalina.startup.VersionLoggerListener.log Command line argument: -Djava.io.tmpdir=/home/kelvin/Documents/UniversityStuffs/COMP4321/comp4321-project/apache-tomcat-10.0.5/temp
30-Apr-2021 01:12:07.536 INFO [main] org.apache.catalina.core.AprLifecycleListener.lifecycleEvent The Apache Tomcat Native library which allows using OpenSSL was not found on the java.library.path: [/usr/java/packages/lib:/usr/lib/x86_64-linux-gnu/jni:/lib/x86_64-linux-gnu:/usr/lib/x86_64-linux-gnu:/usr/lib/jni:/lib:/usr/lib]
30-Apr-2021 01:12:07.842 INFO [main] org.apache.coyote.AbstractProtocol.init Initializing ProtocolHandler ["http-nio-8080"]
30-Apr-2021 01:12:07.865 INFO [main] org.apache.catalina.startup.Catalina.load Server initialization in [522] milliseconds
30-Apr-2021 01:12:07.917 INFO [main] org.apache.catalina.core.StandardService.startInternal Starting service [Catalina]
30-Apr-2021 01:12:07.917 INFO [main] org.apache.catalina.core.StandardEngine.startInternal Starting Servlet engine: [Apache Tomcat/10.0.5]
30-Apr-2021 01:12:07.924 INFO [main] org.apache.catalina.startup.HostConfig.deployDirectory Deploying web application directory [/home/kelvin/Documents/UniversityStuffs/COMP4321/comp4321-project/apache-tomcat-10.0.5/webapps/examples]
30-Apr-2021 01:12:08.248 SEVERE [main] org.apache.catalina.core.StandardContext.startInternal One or more listeners failed to start. Full details will be found in the appropriate container log file
30-Apr-2021 01:12:08.260 SEVERE [main] org.apache.catalina.core.StandardContext.startInternal Context [/examples] startup failed due to previous errors
30-Apr-2021 01:12:08.270 INFO [main] org.apache.catalina.startup.HostConfig.deployDirectory Deployment of web application directory [/home/kelvin/Documents/UniversityStuffs/COMP4321/comp4321-project/apache-tomcat-10.0.5/webapps/examples] has finished in [346] ms
30-Apr-2021 01:12:08.271 INFO [main] org.apache.catalina.startup.HostConfig.deployDirectory Deploying web application directory [/home/kelvin/Documents/UniversityStuffs/COMP4321/comp4321-project/apache-tomcat-10.0.5/webapps/host-manager]
30-Apr-2021 01:12:08.320 INFO [main] org.apache.catalina.startup.HostConfig.deployDirectory Deployment of web application directory [/home/kelvin/Documents/UniversityStuffs/COMP4321/comp4321-project/apache-tomcat-10.0.5/webapps/host-manager] has finished in [49] ms
30-Apr-2021 01:12:08.321 INFO [main] org.apache.catalina.startup.HostConfig.deployDirectory Deploying web application directory [/home/kelvin/Documents/UniversityStuffs/COMP4321/comp4321-project/apache-tomcat-10.0.5/webapps/ROOT]
30-Apr-2021 01:12:08.340 INFO [main] org.apache.catalina.startup.HostConfig.deployDirectory Deployment of web application directory [/home/kelvin/Documents/UniversityStuffs/COMP4321/comp4321-project/apache-tomcat-10.0.5/webapps/ROOT] has finished in [18] ms
30-Apr-2021 01:12:08.340 INFO [main] org.apache.catalina.startup.HostConfig.deployDirectory Deploying web application directory [/home/kelvin/Documents/UniversityStuffs/COMP4321/comp4321-project/apache-tomcat-10.0.5/webapps/docs]
30-Apr-2021 01:12:08.382 INFO [main] org.apache.catalina.startup.HostConfig.deployDirectory Deployment of web application directory [/home/kelvin/Documents/UniversityStuffs/COMP4321/comp4321-project/apache-tomcat-10.0.5/webapps/docs] has finished in [42] ms
30-Apr-2021 01:12:08.382 INFO [main] org.apache.catalina.startup.HostConfig.deployDirectory Deploying web application directory [/home/kelvin/Documents/UniversityStuffs/COMP4321/comp4321-project/apache-tomcat-10.0.5/webapps/se4321]
30-Apr-2021 01:12:08.480 INFO [main] org.apache.jasper.servlet.TldScanner.scanJars At least one JAR was scanned for TLDs yet contained no TLDs. Enable debug logging for this logger for a complete list of JARs that were scanned but no TLDs were found in them. Skipping unneeded JARs during scanning can improve startup time and JSP compilation time.
30-Apr-2021 01:12:08.485 INFO [main] org.apache.catalina.startup.HostConfig.deployDirectory Deployment of web application directory [/home/kelvin/Documents/UniversityStuffs/COMP4321/comp4321-project/apache-tomcat-10.0.5/webapps/se4321] has finished in [103] ms
30-Apr-2021 01:12:08.486 INFO [main] org.apache.catalina.startup.HostConfig.deployDirectory Deploying web application directory [/home/kelvin/Documents/UniversityStuffs/COMP4321/comp4321-project/apache-tomcat-10.0.5/webapps/manager]
30-Apr-2021 01:12:08.504 INFO [main] org.apache.catalina.startup.HostConfig.deployDirectory Deployment of web application directory [/home/kelvin/Documents/UniversityStuffs/COMP4321/comp4321-project/apache-tomcat-10.0.5/webapps/manager] has finished in [19] ms
30-Apr-2021 01:12:08.509 INFO [main] org.apache.coyote.AbstractProtocol.start Starting ProtocolHandler ["http-nio-8080"]
30-Apr-2021 01:12:08.524 INFO [main] org.apache.catalina.startup.Catalina.start Server startup in [658] milliseconds
30-Apr-2021 01:21:19.952 INFO [main] org.apache.catalina.core.StandardServer.await A valid shutdown command was received via the shutdown port. Stopping the Server instance.
30-Apr-2021 01:21:19.953 INFO [main] org.apache.coyote.AbstractProtocol.pause Pausing ProtocolHandler ["http-nio-8080"]
30-Apr-2021 01:21:19.961 INFO [main] org.apache.catalina.core.StandardService.stopInternal Stopping service [Catalina]
30-Apr-2021 01:21:19.980 INFO [main] org.apache.coyote.AbstractProtocol.stop Stopping ProtocolHandler ["http-nio-8080"]
30-Apr-2021 01:21:20.012 INFO [main] org.apache.coyote.AbstractProtocol.destroy Destroying ProtocolHandler ["http-nio-8080"]
30-Apr-2021 01:21:22.836 INFO [main] org.apache.catalina.startup.VersionLoggerListener.log Server version name:   Apache Tomcat/10.0.5
30-Apr-2021 01:21:22.839 INFO [main] org.apache.catalina.startup.VersionLoggerListener.log Server built:          Mar 30 2021 08:19:50 UTC
30-Apr-2021 01:21:22.840 INFO [main] org.apache.catalina.startup.VersionLoggerListener.log Server version number: 10.0.5.0
30-Apr-2021 01:21:22.840 INFO [main] org.apache.catalina.startup.VersionLoggerListener.log OS Name:               Linux
30-Apr-2021 01:21:22.840 INFO [main] org.apache.catalina.startup.VersionLoggerListener.log OS Version:            5.4.0-72-generic
30-Apr-2021 01:21:22.840 INFO [main] org.apache.catalina.startup.VersionLoggerListener.log Architecture:          amd64
30-Apr-2021 01:21:22.840 INFO [main] org.apache.catalina.startup.VersionLoggerListener.log Java Home:             /usr/lib/jvm/java-11-openjdk-amd64
30-Apr-2021 01:21:22.840 INFO [main] org.apache.catalina.startup.VersionLoggerListener.log JVM Version:           11.0.11+9-Ubuntu-0ubuntu2.20.04
30-Apr-2021 01:21:22.841 INFO [main] org.apache.catalina.startup.VersionLoggerListener.log JVM Vendor:            Ubuntu
30-Apr-2021 01:21:22.841 INFO [main] org.apache.catalina.startup.VersionLoggerListener.log CATALINA_BASE:         /home/kelvin/Documents/UniversityStuffs/COMP4321/comp4321-project/apache-tomcat-10.0.5
30-Apr-2021 01:21:22.841 INFO [main] org.apache.catalina.startup.VersionLoggerListener.log CATALINA_HOME:         /home/kelvin/Documents/UniversityStuffs/COMP4321/comp4321-project/apache-tomcat-10.0.5
30-Apr-2021 01:21:22.855 INFO [main] org.apache.catalina.startup.VersionLoggerListener.log Command line argument: --add-opens=java.base/java.lang=ALL-UNNAMED
30-Apr-2021 01:21:22.855 INFO [main] org.apache.catalina.startup.VersionLoggerListener.log Command line argument: --add-opens=java.base/java.io=ALL-UNNAMED
30-Apr-2021 01:21:22.855 INFO [main] org.apache.catalina.startup.VersionLoggerListener.log Command line argument: --add-opens=java.base/java.util=ALL-UNNAMED
30-Apr-2021 01:21:22.855 INFO [main] org.apache.catalina.startup.VersionLoggerListener.log Command line argument: --add-opens=java.base/java.util.concurrent=ALL-UNNAMED
30-Apr-2021 01:21:22.855 INFO [main] org.apache.catalina.startup.VersionLoggerListener.log Command line argument: --add-opens=java.rmi/sun.rmi.transport=ALL-UNNAMED
30-Apr-2021 01:21:22.856 INFO [main] org.apache.catalina.startup.VersionLoggerListener.log Command line argument: -Djava.util.logging.config.file=/home/kelvin/Documents/UniversityStuffs/COMP4321/comp4321-project/apache-tomcat-10.0.5/conf/logging.properties
30-Apr-2021 01:21:22.856 INFO [main] org.apache.catalina.startup.VersionLoggerListener.log Command line argument: -Djava.util.logging.manager=org.apache.juli.ClassLoaderLogManager
30-Apr-2021 01:21:22.856 INFO [main] org.apache.catalina.startup.VersionLoggerListener.log Command line argument: -Djdk.tls.ephemeralDHKeySize=2048
30-Apr-2021 01:21:22.856 INFO [main] org.apache.catalina.startup.VersionLoggerListener.log Command line argument: -Djava.protocol.handler.pkgs=org.apache.catalina.webresources
30-Apr-2021 01:21:22.856 INFO [main] org.apache.catalina.startup.VersionLoggerListener.log Command line argument: -Dorg.apache.catalina.security.SecurityListener.UMASK=0027
30-Apr-2021 01:21:22.856 INFO [main] org.apache.catalina.startup.VersionLoggerListener.log Command line argument: -Dignore.endorsed.dirs=
30-Apr-2021 01:21:22.857 INFO [main] org.apache.catalina.startup.VersionLoggerListener.log Command line argument: -Dcatalina.base=/home/kelvin/Documents/UniversityStuffs/COMP4321/comp4321-project/apache-tomcat-10.0.5
30-Apr-2021 01:21:22.857 INFO [main] org.apache.catalina.startup.VersionLoggerListener.log Command line argument: -Dcatalina.home=/home/kelvin/Documents/UniversityStuffs/COMP4321/comp4321-project/apache-tomcat-10.0.5
30-Apr-2021 01:21:22.857 INFO [main] org.apache.catalina.startup.VersionLoggerListener.log Command line argument: -Djava.io.tmpdir=/home/kelvin/Documents/UniversityStuffs/COMP4321/comp4321-project/apache-tomcat-10.0.5/temp
30-Apr-2021 01:21:22.859 INFO [main] org.apache.catalina.core.AprLifecycleListener.lifecycleEvent The Apache Tomcat Native library which allows using OpenSSL was not found on the java.library.path: [/usr/java/packages/lib:/usr/lib/x86_64-linux-gnu/jni:/lib/x86_64-linux-gnu:/usr/lib/x86_64-linux-gnu:/usr/lib/jni:/lib:/usr/lib]
30-Apr-2021 01:21:23.145 INFO [main] org.apache.coyote.AbstractProtocol.init Initializing ProtocolHandler ["http-nio-8080"]
30-Apr-2021 01:21:23.167 INFO [main] org.apache.catalina.startup.Catalina.load Server initialization in [492] milliseconds
30-Apr-2021 01:21:23.224 INFO [main] org.apache.catalina.core.StandardService.startInternal Starting service [Catalina]
30-Apr-2021 01:21:23.224 INFO [main] org.apache.catalina.core.StandardEngine.startInternal Starting Servlet engine: [Apache Tomcat/10.0.5]
30-Apr-2021 01:21:23.233 INFO [main] org.apache.catalina.startup.HostConfig.deployDirectory Deploying web application directory [/home/kelvin/Documents/UniversityStuffs/COMP4321/comp4321-project/apache-tomcat-10.0.5/webapps/examples]
30-Apr-2021 01:21:23.579 SEVERE [main] org.apache.catalina.core.StandardContext.startInternal One or more listeners failed to start. Full details will be found in the appropriate container log file
30-Apr-2021 01:21:23.590 SEVERE [main] org.apache.catalina.core.StandardContext.startInternal Context [/examples] startup failed due to previous errors
30-Apr-2021 01:21:23.599 INFO [main] org.apache.catalina.startup.HostConfig.deployDirectory Deployment of web application directory [/home/kelvin/Documents/UniversityStuffs/COMP4321/comp4321-project/apache-tomcat-10.0.5/webapps/examples] has finished in [367] ms
30-Apr-2021 01:21:23.600 INFO [main] org.apache.catalina.startup.HostConfig.deployDirectory Deploying web application directory [/home/kelvin/Documents/UniversityStuffs/COMP4321/comp4321-project/apache-tomcat-10.0.5/webapps/host-manager]
30-Apr-2021 01:21:23.649 INFO [main] org.apache.catalina.startup.HostConfig.deployDirectory Deployment of web application directory [/home/kelvin/Documents/UniversityStuffs/COMP4321/comp4321-project/apache-tomcat-10.0.5/webapps/host-manager] has finished in [49] ms
30-Apr-2021 01:21:23.650 INFO [main] org.apache.catalina.startup.HostConfig.deployDirectory Deploying web application directory [/home/kelvin/Documents/UniversityStuffs/COMP4321/comp4321-project/apache-tomcat-10.0.5/webapps/ROOT]
30-Apr-2021 01:21:23.668 INFO [main] org.apache.catalina.startup.HostConfig.deployDirectory Deployment of web application directory [/home/kelvin/Documents/UniversityStuffs/COMP4321/comp4321-project/apache-tomcat-10.0.5/webapps/ROOT] has finished in [19] ms
30-Apr-2021 01:21:23.669 INFO [main] org.apache.catalina.startup.HostConfig.deployDirectory Deploying web application directory [/home/kelvin/Documents/UniversityStuffs/COMP4321/comp4321-project/apache-tomcat-10.0.5/webapps/docs]
30-Apr-2021 01:21:23.687 INFO [main] org.apache.catalina.startup.HostConfig.deployDirectory Deployment of web application directory [/home/kelvin/Documents/UniversityStuffs/COMP4321/comp4321-project/apache-tomcat-10.0.5/webapps/docs] has finished in [18] ms
30-Apr-2021 01:21:23.687 INFO [main] org.apache.catalina.startup.HostConfig.deployDirectory Deploying web application directory [/home/kelvin/Documents/UniversityStuffs/COMP4321/comp4321-project/apache-tomcat-10.0.5/webapps/se4321]
30-Apr-2021 01:21:23.807 INFO [main] org.apache.jasper.servlet.TldScanner.scanJars At least one JAR was scanned for TLDs yet contained no TLDs. Enable debug logging for this logger for a complete list of JARs that were scanned but no TLDs were found in them. Skipping unneeded JARs during scanning can improve startup time and JSP compilation time.
30-Apr-2021 01:21:23.815 INFO [main] org.apache.catalina.startup.HostConfig.deployDirectory Deployment of web application directory [/home/kelvin/Documents/UniversityStuffs/COMP4321/comp4321-project/apache-tomcat-10.0.5/webapps/se4321] has finished in [128] ms
30-Apr-2021 01:21:23.816 INFO [main] org.apache.catalina.startup.HostConfig.deployDirectory Deploying web application directory [/home/kelvin/Documents/UniversityStuffs/COMP4321/comp4321-project/apache-tomcat-10.0.5/webapps/manager]
30-Apr-2021 01:21:23.842 INFO [main] org.apache.catalina.startup.HostConfig.deployDirectory Deployment of web application directory [/home/kelvin/Documents/UniversityStuffs/COMP4321/comp4321-project/apache-tomcat-10.0.5/webapps/manager] has finished in [26] ms
30-Apr-2021 01:21:23.849 INFO [main] org.apache.coyote.AbstractProtocol.start Starting ProtocolHandler ["http-nio-8080"]
30-Apr-2021 01:21:23.864 INFO [main] org.apache.catalina.startup.Catalina.start Server startup in [696] milliseconds
30-Apr-2021 01:21:55.488 INFO [main] org.apache.catalina.core.StandardServer.await A valid shutdown command was received via the shutdown port. Stopping the Server instance.
30-Apr-2021 01:21:55.488 INFO [main] org.apache.coyote.AbstractProtocol.pause Pausing ProtocolHandler ["http-nio-8080"]
30-Apr-2021 01:21:55.496 INFO [main] org.apache.catalina.core.StandardService.stopInternal Stopping service [Catalina]
30-Apr-2021 01:21:55.510 INFO [main] org.apache.coyote.AbstractProtocol.stop Stopping ProtocolHandler ["http-nio-8080"]
30-Apr-2021 01:21:55.544 INFO [main] org.apache.coyote.AbstractProtocol.destroy Destroying ProtocolHandler ["http-nio-8080"]
