01-May-2021 22:40:01.654 INFO [main] org.apache.catalina.core.ApplicationContext.log ContextListener: contextInitialized()
01-May-2021 22:40:01.654 INFO [main] org.apache.catalina.core.ApplicationContext.log SessionListener: contextInitialized()
01-May-2021 22:40:01.660 INFO [main] org.apache.catalina.core.ApplicationContext.log ContextListener: attributeAdded('StockTicker', 'async.Stockticker@677dbd89')
01-May-2021 22:40:29.340 SEVERE [http-nio-8080-exec-2] org.apache.catalina.core.StandardWrapperValve.invoke Servlet.service() for servlet [jsp] in context with path [/se4321] threw exception [java.lang.NullPointerException] with root cause
	java.lang.NullPointerException
		at resources.Query.getAllDf(Query.java:184)
		at resources.Query.<init>(Query.java:49)
		at org.apache.jsp.search_jsp.jspInit(search_jsp.java:30)
		at org.apache.jasper.runtime.HttpJspBase.init(HttpJspBase.java:49)
		at org.apache.jasper.servlet.JspServletWrapper.getServlet(JspServletWrapper.java:201)
		at org.apache.jasper.servlet.JspServletWrapper.service(JspServletWrapper.java:414)
		at org.apache.jasper.servlet.JspServlet.serviceJspFile(JspServlet.java:379)
		at org.apache.jasper.servlet.JspServlet.service(JspServlet.java:327)
		at jakarta.servlet.http.HttpServlet.service(HttpServlet.java:770)
		at org.apache.catalina.core.ApplicationFilterChain.internalDoFilter(ApplicationFilterChain.java:223)
		at org.apache.catalina.core.ApplicationFilterChain.doFilter(ApplicationFilterChain.java:158)
		at org.apache.tomcat.websocket.server.WsFilter.doFilter(WsFilter.java:53)
		at org.apache.catalina.core.ApplicationFilterChain.internalDoFilter(ApplicationFilterChain.java:185)
		at org.apache.catalina.core.ApplicationFilterChain.doFilter(ApplicationFilterChain.java:158)
		at org.apache.catalina.core.StandardWrapperValve.invoke(StandardWrapperValve.java:202)
		at org.apache.catalina.core.StandardContextValve.invoke(StandardContextValve.java:97)
		at org.apache.catalina.authenticator.AuthenticatorBase.invoke(AuthenticatorBase.java:543)
		at org.apache.catalina.core.StandardHostValve.invoke(StandardHostValve.java:127)
		at org.apache.catalina.valves.ErrorReportValve.invoke(ErrorReportValve.java:92)
		at org.apache.catalina.valves.AbstractAccessLogValve.invoke(AbstractAccessLogValve.java:690)
		at org.apache.catalina.core.StandardEngineValve.invoke(StandardEngineValve.java:78)
		at org.apache.catalina.connector.CoyoteAdapter.service(CoyoteAdapter.java:353)
		at org.apache.coyote.http11.Http11Processor.service(Http11Processor.java:374)
		at org.apache.coyote.AbstractProcessorLight.process(AbstractProcessorLight.java:65)
		at org.apache.coyote.AbstractProtocol$ConnectionHandler.process(AbstractProtocol.java:870)
		at org.apache.tomcat.util.net.NioEndpoint$SocketProcessor.doRun(NioEndpoint.java:1696)
		at org.apache.tomcat.util.net.SocketProcessorBase.run(SocketProcessorBase.java:49)
		at java.base/java.util.concurrent.ThreadPoolExecutor.runWorker(ThreadPoolExecutor.java:1128)
		at java.base/java.util.concurrent.ThreadPoolExecutor$Worker.run(ThreadPoolExecutor.java:628)
		at org.apache.tomcat.util.threads.TaskThread$WrappingRunnable.run(TaskThread.java:61)
		at java.base/java.lang.Thread.run(Thread.java:834)
01-May-2021 22:40:47.621 INFO [main] org.apache.catalina.core.ApplicationContext.log SessionListener: contextDestroyed()
01-May-2021 22:40:47.621 INFO [main] org.apache.catalina.core.ApplicationContext.log ContextListener: contextDestroyed()
01-May-2021 22:52:09.967 INFO [main] org.apache.catalina.core.ApplicationContext.log ContextListener: contextInitialized()
01-May-2021 22:52:09.967 INFO [main] org.apache.catalina.core.ApplicationContext.log SessionListener: contextInitialized()
01-May-2021 22:52:09.970 INFO [main] org.apache.catalina.core.ApplicationContext.log ContextListener: attributeAdded('StockTicker', 'async.Stockticker@263f04ca')
01-May-2021 22:52:36.249 SEVERE [http-nio-8080-exec-4] org.apache.catalina.core.StandardWrapperValve.invoke Servlet.service() for servlet [jsp] in context with path [/se4321] threw exception [java.lang.NullPointerException] with root cause
	java.lang.NullPointerException
		at resources.Query.getAllDf(Query.java:184)
		at resources.Query.<init>(Query.java:49)
		at org.apache.jsp.search_jsp.jspInit(search_jsp.java:30)
		at org.apache.jasper.runtime.HttpJspBase.init(HttpJspBase.java:49)
		at org.apache.jasper.servlet.JspServletWrapper.getServlet(JspServletWrapper.java:201)
		at org.apache.jasper.servlet.JspServletWrapper.service(JspServletWrapper.java:414)
		at org.apache.jasper.servlet.JspServlet.serviceJspFile(JspServlet.java:379)
		at org.apache.jasper.servlet.JspServlet.service(JspServlet.java:327)
		at jakarta.servlet.http.HttpServlet.service(HttpServlet.java:770)
		at org.apache.catalina.core.ApplicationFilterChain.internalDoFilter(ApplicationFilterChain.java:223)
		at org.apache.catalina.core.ApplicationFilterChain.doFilter(ApplicationFilterChain.java:158)
		at org.apache.tomcat.websocket.server.WsFilter.doFilter(WsFilter.java:53)
		at org.apache.catalina.core.ApplicationFilterChain.internalDoFilter(ApplicationFilterChain.java:185)
		at org.apache.catalina.core.ApplicationFilterChain.doFilter(ApplicationFilterChain.java:158)
		at org.apache.catalina.core.StandardWrapperValve.invoke(StandardWrapperValve.java:202)
		at org.apache.catalina.core.StandardContextValve.invoke(StandardContextValve.java:97)
		at org.apache.catalina.authenticator.AuthenticatorBase.invoke(AuthenticatorBase.java:543)
		at org.apache.catalina.core.StandardHostValve.invoke(StandardHostValve.java:127)
		at org.apache.catalina.valves.ErrorReportValve.invoke(ErrorReportValve.java:92)
		at org.apache.catalina.valves.AbstractAccessLogValve.invoke(AbstractAccessLogValve.java:690)
		at org.apache.catalina.core.StandardEngineValve.invoke(StandardEngineValve.java:78)
		at org.apache.catalina.connector.CoyoteAdapter.service(CoyoteAdapter.java:353)
		at org.apache.coyote.http11.Http11Processor.service(Http11Processor.java:374)
		at org.apache.coyote.AbstractProcessorLight.process(AbstractProcessorLight.java:65)
		at org.apache.coyote.AbstractProtocol$ConnectionHandler.process(AbstractProtocol.java:870)
		at org.apache.tomcat.util.net.NioEndpoint$SocketProcessor.doRun(NioEndpoint.java:1696)
		at org.apache.tomcat.util.net.SocketProcessorBase.run(SocketProcessorBase.java:49)
		at java.base/java.util.concurrent.ThreadPoolExecutor.runWorker(ThreadPoolExecutor.java:1128)
		at java.base/java.util.concurrent.ThreadPoolExecutor$Worker.run(ThreadPoolExecutor.java:628)
		at org.apache.tomcat.util.threads.TaskThread$WrappingRunnable.run(TaskThread.java:61)
		at java.base/java.lang.Thread.run(Thread.java:834)
01-May-2021 22:54:08.466 INFO [main] org.apache.catalina.core.ApplicationContext.log SessionListener: contextDestroyed()
01-May-2021 22:54:08.466 INFO [main] org.apache.catalina.core.ApplicationContext.log ContextListener: contextDestroyed()
